[www.unfold.co/index.html]
[backblue.gif]
[fade.gif]
[index.html]
[cdn.prod.website-files.com/63dae19244d432799bf5baa4/css/unfoldco.5f50a950d.css]
[cdn.prod.website-files.com/63dae19244d432799bf5baa4/63dae21e2a17726d5aea06dd_favicon.png]
[cdn.prod.website-files.com/63dae19244d432799bf5baa4/666ae18112d59bce69aca88f_Webclip.png]
[cdn.plyr.io/3.7.3/plyr.css]
[www.unfold.co/work.html]
[www.unfold.co/about.html]
[www.unfold.co/contact.html]
[cdn.prod.website-files.com/63dffdbf1693d14a2308d481/66566f547d37d898e17b77c7_safepal.png]
[www.unfold.co/work/safepal.html]
[cdn.prod.website-files.com/63dffdbf1693d14a2308d481/665668fdac8cc6dd79a22bdf_solana.png]
[www.unfold.co/work/solana.html]
[cdn.prod.website-files.com/63dffdbf1693d14a2308d481/66566f3a57dda519020fda82_lamar.png]
[www.unfold.co/work/lamar.html]
[cdn.prod.website-files.com/63dae19244d432799bf5baa4/665a014030cda3f1845a8562_image_2024-05-31_12-34-52.png]
[cdn.prod.website-files.com/63dae19244d432799bf5baa4/665a01571b3134a64425d44a_image_2024-05-31_12-35-12.png]
[cdn.prod.website-files.com/63dae19244d432799bf5baa4/665a01757508c661ca1da843_image_2024-05-31_12-35-52.png]
[cdn.prod.website-files.com/63dae19244d432799bf5baa4/665a018147f26450b8d1c326_image_2024-05-31_12-36-23.png]
[cdn.prod.website-files.com/63dae19244d432799bf5baa4/665a01690c508b5bebac1311_image_2024-05-31_12-38-04.png]
[cdn.prod.website-files.com/63dae19244d432799bf5baa4/63e525cd1a1547868d38d1f6_michael scott.gif]
[cdn.prod.website-files.com/63dae19244d432799bf5baa4/63e526efa973a610da0df9e8_farley.gif]
[cdn.prod.website-files.com/63dae19244d432799bf5baa4/63e5268c56ebad7bf136fb47_shaq.gif]
[d3e54v103j8qbb.cloudfront.net/js/jquery-3.5.1.min.dc5e7f18c80a7a.js]
[cdn.prod.website-files.com/63dae19244d432799bf5baa4/js/unfoldco.e1d23204b.js]
[cdn.jsdelivr.net/gh/studio-freight/lenis@0.2.28/bundled/lenis.js]
[cdn.plyr.io/3.7.3/plyr.js]
[cdn.jsdelivr.net/npm/matter-js@0.19.0/build/matter.min.js]
[www.unfold.co/index.html]
[cdn.prod.website-files.com/63dae19244d432799bf5baa4/css/unfoldco.5f50a950d.css]
[cdn.plyr.io/3.7.3/plyr.css]
[cdn.prod.website-files.com/63dffdbf1693d14a2308d481/665684770bb40fe903e9e23f_Link.png]
[www.unfold.co/work/wonder-dynamics.html]
[cdn.prod.website-files.com/63dffdbf1693d14a2308d481/66568afb5759bfcea47a9860_6463e344612effa8e0d6e392_almas-salakhov-8hTqBs8N4f0-unsplash.jpg.png]
[cdn.prod.website-files.com/63dffdbf1693d14a2308d481/66568fe8d7b37ef1f04c5ebc_1231231.png]
[cdn.prod.website-files.com/63dffdbf1693d14a2308d481/6656a69d7079c1811b09c153_lamar.png]
[www.unfold.co/work/tavus.html]
[cdn.prod.website-files.com/63dffdbf1693d14a2308d481/6657f1d718070622ed4209a6_Tavus.png]
[www.unfold.co/work/mighty.html]
[cdn.prod.website-files.com/63dffdbf1693d14a2308d481/6657f1e5ae30fd55bc68efe7_Mighty.png]
[www.unfold.co/work/lmnft.html]
[cdn.prod.website-files.com/63dffdbf1693d14a2308d481/6657f1f371f357f192aee795_LMNFT.png]
[www.unfold.co/work/rumble.html]
[cdn.prod.website-files.com/63dffdbf1693d14a2308d481/6657f25c07e1594e24c64675_Rumble.png]
[www.unfold.co/work/merck.html]
[cdn.prod.website-files.com/63dffdbf1693d14a2308d481/6657f26d185a36836fc6b2c0_Merck.png]
[www.unfold.co/work/shadow.html]
[cdn.prod.website-files.com/63dffdbf1693d14a2308d481/6657f27bc41f1012064af655_Shadow.png]
[cdn.prod.website-files.com/63dffdbf1693d14a2308d481/6657f8aa666d31af679eea2a_Jamm.png]
[cdn.prod.website-files.com/63dffdbf1693d14a2308d481/6657f8d4f2eefada2608025c_Grabient.png]
[cdn.prod.website-files.com/63dffdbf1693d14a2308d481/6657f8e3185a36836fcb90ce_Arc.png]
[cdn.prod.website-files.com/63dffdbf1693d14a2308d481/6657f918df7979f82cbd52d1_Skew.png]
[cdn.prod.website-files.com/63dffdbf1693d14a2308d481/6657f942acd762fffa85b4a3_Dronie.png]
[cdn.prod.website-files.com/63dffdbf1693d14a2308d481/6657f96b277b000933443342_Jumpback.png]
[www.unfold.co/work.html]
[cdn.prod.website-files.com/63dffdbf1693d14a2308d481/6656b4e44feed30014fbaa97_6463e31d7b261fe56467ee04_mike-yukhtenko-hvbIl1XfMlM-unsplash.jpg-19.png]
[cdn.prod.website-files.com/63dffdbf1693d14a2308d481/6656b30a95e00d7f14abf5c4_6463e31d7b261fe56467ee04_mike-yukhtenko-hvbIl1XfMlM-unsplash.jpg-4.png]
[cdn.prod.website-files.com/63dffdbf1693d14a2308d481/6656b3916bb5d2199e1cd967_6463e31d7b261fe56467ee04_mike-yukhtenko-hvbIl1XfMlM-unsplash.jpg-10.png]
[cdn.prod.website-files.com/63dffdbf1693d14a2308d481/665a256f2aeb2385c2460ef6_pfp_720.png]
[cdn.prod.website-files.com/63dffdbf1693d14a2308d481/6656b3bc5e5102647b972653_6463e31d7b261fe56467ee04_mike-yukhtenko-hvbIl1XfMlM-unsplash.jpg-12.png]
[cdn.prod.website-files.com/63dffdbf1693d14a2308d481/6656b45a791fc6e3a5ed0ce7_6463e31d7b261fe56467ee04_mike-yukhtenko-hvbIl1XfMlM-unsplash.jpg-16.png]
[cdn.prod.website-files.com/63dffdbf1693d14a2308d481/66676e4b1d5e72bf79457ac9_matt_-_profile_bg_720.png]
[cdn.prod.website-files.com/63dffdbf1693d14a2308d481/6656b495a3ea624c74b98a22_6463e31d7b261fe56467ee04_mike-yukhtenko-hvbIl1XfMlM-unsplash.jpg-18.png]
[cdn.prod.website-files.com/63dffdbf1693d14a2308d481/6656b35357b3aea3c80c2b27_6463e31d7b261fe56467ee04_mike-yukhtenko-hvbIl1XfMlM-unsplash.jpg-7.png]
[cdn.prod.website-files.com/63dffdbf1693d14a2308d481/6656b3a92e310217ad40ed6a_6463e31d7b261fe56467ee04_mike-yukhtenko-hvbIl1XfMlM-unsplash.jpg-11.png]
[cdn.prod.website-files.com/63dffdbf1693d14a2308d481/6656b34209cd2d9d12e7aa98_6463e31d7b261fe56467ee04_mike-yukhtenko-hvbIl1XfMlM-unsplash.jpg-6.png]
[cdn.prod.website-files.com/63dffdbf1693d14a2308d481/6656b44e8a04119c0ed23a72_6463e31d7b261fe56467ee04_mike-yukhtenko-hvbIl1XfMlM-unsplash.jpg-15.png]
[cdn.prod.website-files.com/63dffdbf1693d14a2308d481/6656b2c3e5ae52b6adbc3aea_6463e31d7b261fe56467ee04_mike-yukhtenko-hvbIl1XfMlM-unsplash.jpg-1.png]
[cdn.prod.website-files.com/63dffdbf1693d14a2308d481/6656b2f611d838d500ef9d9f_6463e31d7b261fe56467ee04_mike-yukhtenko-hvbIl1XfMlM-unsplash.jpg-3.png]
[cdn.prod.website-files.com/63dffdbf1693d14a2308d481/6656b2e740e7429ba6d4fe4d_6463e31d7b261fe56467ee04_mike-yukhtenko-hvbIl1XfMlM-unsplash.jpg-2.png]
[cdn.prod.website-files.com/63dffdbf1693d14a2308d481/6656b3652f1956666fcd30be_6463e31d7b261fe56467ee04_mike-yukhtenko-hvbIl1XfMlM-unsplash.jpg-8.png]
[cdn.prod.website-files.com/63dffdbf1693d14a2308d481/665a22c626fa139b57bb307d_screenhot_2024-05-31_at_14.42.16_2x.jpg]
[cdn.prod.website-files.com/63dffdbf1693d14a2308d481/665a16fee6bfb3ed893028dd_frame_10_480.png]
[cdn.prod.website-files.com/63dffdbf1693d14a2308d481/6656b3cf7e36db9f6d4200f6_6463e31d7b261fe56467ee04_mike-yukhtenko-hvbIl1XfMlM-unsplash.jpg-13.png]
[www.unfold.co/about.html]
[cdn.prod.website-files.com/63dae19244d432799bf5baa4/6408fe2017d27f099a13bcc6_project type 200x200.gif]
[cdn.prod.website-files.com/63dae19244d432799bf5baa4/6408fe2fd32c4dfc324037b2_first name 120x120.gif]
[cdn.prod.website-files.com/63dae19244d432799bf5baa4/6408fe3d7327087ab278ce94_last name 200x200.gif]
[cdn.prod.website-files.com/63dae19244d432799bf5baa4/6408fe51b1a8994493c4d502_email 200x200.gif]
[cdn.prod.website-files.com/63dae19244d432799bf5baa4/6407a08b46cb734df3175d6b_number.gif]
[cdn.prod.website-files.com/63dae19244d432799bf5baa4/6408fe7e26e7bff85cc562af_company name 200x200.gif]
[cdn.prod.website-files.com/63dae19244d432799bf5baa4/6408fe8e6c67d8265839207e_project description 200x200.gif]
[cdn.prod.website-files.com/63dae19244d432799bf5baa4/6408fe9e6785cd59fe034bf8_select budegt 200x200.gif]
[cdn.prod.website-files.com/63dae19244d432799bf5baa4/6408febf8291c65f11f6ac3a_custom budget 200x200.gif]
[cdn.jsdelivr.net/npm/imask@6.4.3/dist/imask.min.js]
[cdn.jsdelivr.net/npm/autosize@6.0.1/dist/autosize.min.js]
[www.unfold.co/contact.html]
[cdn.jsdelivr.net/npm/@splidejs/splide@3.2.2/dist/css/splide-core.min.css]
[cdn.prod.website-files.com/63dffdbf1693d14a2308d481/6656a58ea3ea624c74af1ba8_Frame 1597879211a.png]
[cdn.prod.website-files.com/63dffdbf1693d14a2308d481/6656a59170e37ce9f0e34174_Frame 1597880453b.png]
[cdn.prod.website-files.com/63dffdbf1693d14a2308d481/6656a5931c60e55704b2bfea_ca.png]
[cdn.prod.website-files.com/63dffdbf1693d14a2308d481/6656a5ce237f258e68935742_Group 1597880480123.png]
[cdn.prod.website-files.com/63dffdbf1693d14a2308d481/6656a5d061031cbbfd49ed65_image1 12514181.png]
[cdn.prod.website-files.com/63dffdbf1693d14a2308d481/6656a5d450bf3ca9a1a0255a_Screen Shot 23022-10-13 at 3.22 1.png]
[cdn.prod.website-files.com/63dffdbf1693d14a2308d481/6656a5a8abe573136f44113e_Group 15978804571.png]
[cdn.prod.website-files.com/63dffdbf1693d14a2308d481/6656a5a94a9bc07d570cb25a_Mask group2.png]
[cdn.prod.website-files.com/63dffdbf1693d14a2308d481/6656a5abf3a1b7f3b4c8014b_Mask group3.png]
[cdn.prod.website-files.com/63dffdbf1693d14a2308d481/6656a5b07e36db9f6d389c08_Mask group4.png]
[cdn.prod.website-files.com/63dffdbf1693d14a2308d481/6656a5b28e94698ebe806de6_5.png]
[cdn.prod.website-files.com/63dffdbf1693d14a2308d481/6657d39e0fc77350fa804b3b_Screen Shot 2022-10-13 at 3.22 2.png]
[cdn.prod.website-files.com/63dffdbf1693d14a2308d481/6656a5df774b5ae6d3056195_image 12511234534.png]
[www.unfold.co/work/safepal.html]
[cdn.prod.website-files.com/63dffdbf1693d14a2308d481/665676010f9a57c907bff00c_Frame 1597879211.png]
[cdn.jsdelivr.net/npm/@splidejs/splide@3.2.2/dist/js/splide.min.js]
[cdn.prod.website-files.com/63dffdbf1693d14a2308d481/66567605550960f47578cda3_Frame 1597880452.png]
[cdn.prod.website-files.com/63dffdbf1693d14a2308d481/6656760856fec602a8f7099b_Frame 15978804521.png]
[cdn.prod.website-files.com/63dffdbf1693d14a2308d481/6656776aaf0edb6289093ded_Frame 1597879645.png]
[cdn.prod.website-files.com/63dffdbf1693d14a2308d481/6656776da7a5ea4071825bc7_Frame 1597880453.png]
[cdn.prod.website-files.com/63dffdbf1693d14a2308d481/66567b6ecd24f8d378c2ee4b_Group 1597880457.png]
[cdn.prod.website-files.com/63dffdbf1693d14a2308d481/66567b6e65110284d0f9a584_Group 1597880458.png]
[cdn.prod.website-files.com/63dffdbf1693d14a2308d481/66567b6e60ae3b76ebd16aea_Group 1597880472.png]
[cdn.prod.website-files.com/63dffdbf1693d14a2308d481/66567b6e2e300c4bda4e9af8_Group 1597880459.png]
[cdn.prod.website-files.com/63dffdbf1693d14a2308d481/66567b6e0d4890271ded150c_Group 1597880473.png]
[cdn.prod.website-files.com/63dffdbf1693d14a2308d481/66568111f16ecaf3e3d445e7_image 12514533.png]
[www.unfold.co/work/solana.html]
[cdn.prod.website-files.com/63dffdbf1693d14a2308d481/6656a833cbd9cebf403c54f4_Frame 1597879211.png]
[cdn.prod.website-files.com/63dffdbf1693d14a2308d481/6656a7aa30142ccf8eb3c0a6_Frame 1597880453.png]
[cdn.prod.website-files.com/63dffdbf1693d14a2308d481/6656a7ac289c5c56ed53a2e6_Frame 1597880452.png]
[cdn.prod.website-files.com/63dffdbf1693d14a2308d481/6656ab835a7c341e6f2cd9b5_Frame 1597880457.png]
[cdn.prod.website-files.com/63dffdbf1693d14a2308d481/6656ab84237f258e6897a41d_Frame 1597880460.png]
[cdn.prod.website-files.com/63dffdbf1693d14a2308d481/6656a7c7a3ea624c74b0feb6_Frame 15978804571.png]
[cdn.prod.website-files.com/63dffdbf1693d14a2308d481/6656a7c9774b5ae6d306938a_Frame 15978804612.png]
[cdn.prod.website-files.com/63dffdbf1693d14a2308d481/6656a7cb9818893684b40521_3123123.png]
[cdn.prod.website-files.com/63dffdbf1693d14a2308d481/6656a7cfe0b0d1eb4229895d_Frame 15978804634.png]
[cdn.prod.website-files.com/63dffdbf1693d14a2308d481/6656a7d16169adae427f0f09_Frame 15978804625.png]
[cdn.prod.website-files.com/63dffdbf1693d14a2308d481/6656a7d450bf3ca9a1a1787b_6.png]
[cdn.prod.website-files.com/63dffdbf1693d14a2308d481/6656a7faf3a1b7f3b4c98d19_Group 1597880463.png]
[cdn.prod.website-files.com/63dffdbf1693d14a2308d481/6656a7fd31ddafca47e22231_mockup-of-a-billboard-placed-on-a-glass-building-by-a-street-2880-el1 1.png]
[cdn.prod.website-files.com/63dffdbf1693d14a2308d481/6656a801a91dc3f75fc1f57d_mockup-of-a-billboard-placed-on-a-glass-building-by-a-street-2880-el1 2.png]
[www.unfold.co/work/lamar.html]
[cdn.prod.website-files.com/63dffdbf1693d14a2308d481/66568bc0c1ebb0a4cb8c38a3_Frame 15978792111.png]
[cdn.prod.website-files.com/63dffdbf1693d14a2308d481/66568bbe76ebe2e8e07c36a8_Frame 159788045213.png]
[cdn.prod.website-files.com/63dffdbf1693d14a2308d481/66568bbd76ebe2e8e07c356f_Frame 1597880452123.png]
[cdn.prod.website-files.com/63dffdbf1693d14a2308d481/66568dcc5dbb3ab3f94a4dde_Frame 1597879645321.png]
[cdn.prod.website-files.com/63dffdbf1693d14a2308d481/66568dcbac1897d2cbfc6cf1_2345.png]
[cdn.prod.website-files.com/63dffdbf1693d14a2308d481/66568dccea75580ae8f37607_3213123.png]
[cdn.prod.website-files.com/63dffdbf1693d14a2308d481/66568deae3be37793deb6e48_Frame 1597880453222.png]
[cdn.prod.website-files.com/63dffdbf1693d14a2308d481/66568deb6a49a409e7a45528_12313225.png]
[cdn.prod.website-files.com/63dffdbf1693d14a2308d481/66568debb564b05119899c7d_asdf134.png]
[www.unfold.co/work/wonder-dynamics.html]
[www.unfold.co/work/tavus.html]
[www.unfold.co/work/mighty.html]
[www.unfold.co/work/lmnft.html]
[www.unfold.co/work/rumble.html]
[www.unfold.co/work/merck.html]
[www.unfold.co/work/shadow.html]
[cdn.jsdelivr.net/npm/@splidejs/splide@3.2.2/dist/css/splide-core.min.css]
[www.unfold.co/_https_/cdn.prod.website-files.com/63dae19244d432799bf5baa4/6657fa4d1432e66c43c27103_tK80bh-poster-00001.html]
[y537ed.csb.app/common.js]
[y537ed.csb.app/script.js]
[y537ed.csb.app/contact.js]
[y537ed.csb.app/work.js]
